# JRE version: 7.0_11-b21
# Java VM: Java HotSpot(TM) 64-Bit Server VM (23.6-b04 mixed mode windows-amd64 compressed oops)
Heap
 PSYoungGen      total 39936K, used 38101K [0x00000000fa000000, 0x00000000fc960000, 0x0000000100000000)
  eden space 38272K, 98% used [0x00000000fa000000,0x00000000fc4f57a0,0x00000000fc560000)
  from space 1664K, 15% used [0x00000000fc7c0000,0x00000000fc800000,0x00000000fc960000)
  to   space 2048K, 0% used [0x00000000fc560000,0x00000000fc560000,0x00000000fc760000)
 ParOldGen       total 57088K, used 38890K [0x00000000e8000000, 0x00000000eb7c0000, 0x00000000fa000000)
  object space 57088K, 68% used [0x00000000e8000000,0x00000000ea5fa8b8,0x00000000eb7c0000)
 PSPermGen       total 106688K, used 59029K [0x00000000e0000000, 0x00000000e6830000, 0x00000000e8000000)
  object space 106688K, 55% used [0x00000000e0000000,0x00000000e39a5410,0x00000000e6830000)
GC Heap History (10 events):
Event: 785.073 GC heap before
{Heap before GC invocations=92 (full 1):
 PSYoungGen      total 30528K, used 28895K [0x00000000fa000000, 0x00000000fc110000, 0x0000000100000000)
  eden space 28160K, 99% used [0x00000000fa000000,0x00000000fbb7fdb8,0x00000000fbb80000)
  from space 2368K, 31% used [0x00000000fbdb0000,0x00000000fbe68000,0x00000000fc000000)
  to   space 2240K, 0% used [0x00000000fbb80000,0x00000000fbb80000,0x00000000fbdb0000)
 ParOldGen       total 51456K, used 49473K [0x00000000e8000000, 0x00000000eb240000, 0x00000000fa000000)
  object space 51456K, 96% used [0x00000000e8000000,0x00000000eb0504f8,0x00000000eb240000)
 PSPermGen       total 83456K, used 58728K [0x00000000e0000000, 0x00000000e5180000, 0x00000000e8000000)
  object space 83456K, 70% used [0x00000000e0000000,0x00000000e395a118,0x00000000e5180000)
Event: 786.395 GC heap after
Heap after GC invocations=92 (full 1):
 PSYoungGen      total 30400K, used 1282K [0x00000000fa000000, 0x00000000fc4e0000, 0x0000000100000000)
  eden space 28160K, 0% used [0x00000000fa000000,0x00000000fa000000,0x00000000fbb80000)
  from space 2240K, 57% used [0x00000000fbb80000,0x00000000fbcc08b0,0x00000000fbdb0000)
  to   space 2240K, 0% used [0x00000000fc2b0000,0x00000000fc2b0000,0x00000000fc4e0000)
 ParOldGen       total 51456K, used 49609K [0x00000000e8000000, 0x00000000eb240000, 0x00000000fa000000)
  object space 51456K, 96% used [0x00000000e8000000,0x00000000eb0724f8,0x00000000eb240000)
 PSPermGen       total 83456K, used 58728K [0x00000000e0000000, 0x00000000e5180000, 0x00000000e8000000)
  object space 83456K, 70% used [0x00000000e0000000,0x00000000e395a118,0x00000000e5180000)
}
Event: 854.911 GC heap before
{Heap before GC invocations=93 (full 1):
 PSYoungGen      total 30400K, used 29442K [0x00000000fa000000, 0x00000000fc4e0000, 0x0000000100000000)
  eden space 28160K, 100% used [0x00000000fa000000,0x00000000fbb80000,0x00000000fbb80000)
  from space 2240K, 57% used [0x00000000fbb80000,0x00000000fbcc08b0,0x00000000fbdb0000)
  to   space 2240K, 0% used [0x00000000fc2b0000,0x00000000fc2b0000,0x00000000fc4e0000)
 ParOldGen       total 51456K, used 49609K [0x00000000e8000000, 0x00000000eb240000, 0x00000000fa000000)
  object space 51456K, 96% used [0x00000000e8000000,0x00000000eb0724f8,0x00000000eb240000)
 PSPermGen       total 83456K, used 58787K [0x00000000e0000000, 0x00000000e5180000, 0x00000000e8000000)
  object space 83456K, 70% used [0x00000000e0000000,0x00000000e3968d88,0x00000000e5180000)
Event: 854.922 GC heap after
Heap after GC invocations=93 (full 1):
 PSYoungGen      total 35008K, used 866K [0x00000000fa000000, 0x00000000fc480000, 0x0000000100000000)
  eden space 33152K, 0% used [0x00000000fa000000,0x00000000fa000000,0x00000000fc060000)
  from space 1856K, 46% used [0x00000000fc2b0000,0x00000000fc3888b0,0x00000000fc480000)
  to   space 2112K, 0% used [0x00000000fc060000,0x00000000fc060000,0x00000000fc270000)
 ParOldGen       total 51456K, used 49809K [0x00000000e8000000, 0x00000000eb240000, 0x00000000fa000000)
  object space 51456K, 96% used [0x00000000e8000000,0x00000000eb0a4518,0x00000000eb240000)
 PSPermGen       total 83456K, used 58787K [0x00000000e0000000, 0x00000000e5180000, 0x00000000e8000000)
  object space 83456K, 70% used [0x00000000e0000000,0x00000000e3968d88,0x00000000e5180000)
}
Event: 854.934 GC heap before
{Heap before GC invocations=94 (full 2):
 PSYoungGen      total 35008K, used 866K [0x00000000fa000000, 0x00000000fc480000, 0x0000000100000000)
  eden space 33152K, 0% used [0x00000000fa000000,0x00000000fa000000,0x00000000fc060000)
  from space 1856K, 46% used [0x00000000fc2b0000,0x00000000fc3888b0,0x00000000fc480000)
  to   space 2112K, 0% used [0x00000000fc060000,0x00000000fc060000,0x00000000fc270000)
 ParOldGen       total 51456K, used 49809K [0x00000000e8000000, 0x00000000eb240000, 0x00000000fa000000)
  object space 51456K, 96% used [0x00000000e8000000,0x00000000eb0a4518,0x00000000eb240000)
 PSPermGen       total 83456K, used 58787K [0x00000000e0000000, 0x00000000e5180000, 0x00000000e8000000)
  object space 83456K, 70% used [0x00000000e0000000,0x00000000e3968d88,0x00000000e5180000)
Event: 858.272 GC heap after
Heap after GC invocations=94 (full 2):
 PSYoungGen      total 35008K, used 0K [0x00000000fa000000, 0x00000000fc480000, 0x0000000100000000)
  eden space 33152K, 0% used [0x00000000fa000000,0x00000000fa000000,0x00000000fc060000)
  from space 1856K, 0% used [0x00000000fc2b0000,0x00000000fc2b0000,0x00000000fc480000)
  to   space 2112K, 0% used [0x00000000fc060000,0x00000000fc060000,0x00000000fc270000)
 ParOldGen       total 57088K, used 38810K [0x00000000e8000000, 0x00000000eb7c0000, 0x00000000fa000000)
  object space 57088K, 67% used [0x00000000e8000000,0x00000000ea5e68b8,0x00000000eb7c0000)
 PSPermGen       total 106688K, used 58754K [0x00000000e0000000, 0x00000000e6830000, 0x00000000e8000000)
  object space 106688K, 55% used [0x00000000e0000000,0x00000000e3960be8,0x00000000e6830000)
}
Event: 887.042 GC heap before
{Heap before GC invocations=95 (full 2):
 PSYoungGen      total 35008K, used 33152K [0x00000000fa000000, 0x00000000fc480000, 0x0000000100000000)
  eden space 33152K, 100% used [0x00000000fa000000,0x00000000fc060000,0x00000000fc060000)
  from space 1856K, 0% used [0x00000000fc2b0000,0x00000000fc2b0000,0x00000000fc480000)
  to   space 2112K, 0% used [0x00000000fc060000,0x00000000fc060000,0x00000000fc270000)
 ParOldGen       total 57088K, used 38810K [0x00000000e8000000, 0x00000000eb7c0000, 0x00000000fa000000)
  object space 57088K, 67% used [0x00000000e8000000,0x00000000ea5e68b8,0x00000000eb7c0000)
 PSPermGen       total 106688K, used 58793K [0x00000000e0000000, 0x00000000e6830000, 0x00000000e8000000)
  object space 106688K, 55% used [0x00000000e0000000,0x00000000e396a5b0,0x00000000e6830000)
Event: 887.072 GC heap after
Heap after GC invocations=95 (full 2):
 PSYoungGen      total 35264K, used 224K [0x00000000fa000000, 0x00000000fc9d0000, 0x0000000100000000)
  eden space 33152K, 0% used [0x00000000fa000000,0x00000000fa000000,0x00000000fc060000)
  from space 2112K, 10% used [0x00000000fc060000,0x00000000fc098000,0x00000000fc270000)
  to   space 2112K, 0% used [0x00000000fc7c0000,0x00000000fc7c0000,0x00000000fc9d0000)
 ParOldGen       total 57088K, used 38810K [0x00000000e8000000, 0x00000000eb7c0000, 0x00000000fa000000)
  object space 57088K, 67% used [0x00000000e8000000,0x00000000ea5e68b8,0x00000000eb7c0000)
 PSPermGen       total 106688K, used 58793K [0x00000000e0000000, 0x00000000e6830000, 0x00000000e8000000)
  object space 106688K, 55% used [0x00000000e0000000,0x00000000e396a5b0,0x00000000e6830000)
}
Event: 923.241 GC heap before
{Heap before GC invocations=96 (full 2):
 PSYoungGen      total 35264K, used 33376K [0x00000000fa000000, 0x00000000fc9d0000, 0x0000000100000000)
  eden space 33152K, 100% used [0x00000000fa000000,0x00000000fc060000,0x00000000fc060000)
  from space 2112K, 10% used [0x00000000fc060000,0x00000000fc098000,0x00000000fc270000)
  to   space 2112K, 0% used [0x00000000fc7c0000,0x00000000fc7c0000,0x00000000fc9d0000)
 ParOldGen       total 57088K, used 38810K [0x00000000e8000000, 0x00000000eb7c0000, 0x00000000fa000000)
  object space 57088K, 67% used [0x00000000e8000000,0x00000000ea5e68b8,0x00000000eb7c0000)
 PSPermGen       total 106688K, used 58832K [0x00000000e0000000, 0x00000000e6830000, 0x00000000e8000000)
  object space 106688K, 55% used [0x00000000e0000000,0x00000000e3974060,0x00000000e6830000)
Event: 923.249 GC heap after
Heap after GC invocations=96 (full 2):
 PSYoungGen      total 39936K, used 256K [0x00000000fa000000, 0x00000000fc960000, 0x0000000100000000)
  eden space 38272K, 0% used [0x00000000fa000000,0x00000000fa000000,0x00000000fc560000)
  from space 1664K, 15% used [0x00000000fc7c0000,0x00000000fc800000,0x00000000fc960000)
  to   space 2048K, 0% used [0x00000000fc560000,0x00000000fc560000,0x00000000fc760000)
 ParOldGen       total 57088K, used 38890K [0x00000000e8000000, 0x00000000eb7c0000, 0x00000000fa000000)
  object space 57088K, 68% used [0x00000000e8000000,0x00000000ea5fa8b8,0x00000000eb7c0000)
 PSPermGen       total 106688K, used 58832K [0x00000000e0000000, 0x00000000e6830000, 0x00000000e8000000)
  object space 106688K, 55% used [0x00000000e0000000,0x00000000e3974060,0x00000000e6830000)
}

